<?xml version="1.0" encoding="UTF-8"?>
<testsuite name="org.example.models.ILibraryTest" tests="1" skipped="0" failures="0" errors="0" timestamp="2025-01-03T14:14:47" hostname="ANDREI-PC" time="0.034">
  <properties/>
  <testcase name="testReturnBook()" classname="org.example.models.ILibraryTest" time="0.034"/>
  <system-out><![CDATA[]]></system-out>
  <system-err><![CDATA[]]></system-err>
</testsuite>
